Base path: C:/Program Files/Unity/Editor/Data
Pipe name: \\.\pipe\UnityShaderCompiler-64bit-1-3096
Cmd: getPlatforms
Cmd: preprocess
  insize=683 outsize=683 ok=1
Cmd: preprocess
  insize=838 outsize=838 ok=1
Cmd: preprocess
  insize=1416 outsize=453 ok=1
Cmd: compileSnippet
  api=4 type=0 insize=1265 outsize=2590 kw= pd= ok=1
Cmd: compileSnippet
  api=4 type=1 insize=1265 outsize=770 kw= pd= ok=1
Cmd: preprocess
  insize=2146 outsize=793 ok=1
Cmd: compileSnippet
  api=4 type=0 insize=964 outsize=1509 kw= pd= ok=1
Cmd: compileSnippet
  api=4 type=1 insize=964 outsize=770 kw= pd= ok=1
Cmd: compileSnippet
  api=4 type=0 insize=996 outsize=1485 kw= pd= ok=1
Cmd: compileSnippet
  api=4 type=1 insize=996 outsize=868 kw= pd= ok=1
Cmd: preprocess
  insize=763 outsize=763 ok=1
Cmd: preprocess
  insize=2445 outsize=2445 ok=1
Cmd: compileSnippet
  api=4 type=0 insize=1333 outsize=1404 kw= pd= ok=1
Cmd: compileSnippet
  api=4 type=1 insize=1333 outsize=1168 kw= pd= ok=1
Cmd: compileSnippet
  api=4 type=0 insize=1329 outsize=1404 kw= pd= ok=1
Cmd: compileSnippet
  api=4 type=1 insize=1329 outsize=1168 kw= pd= ok=1
Cmd: compileSnippet
  api=4 type=0 insize=1329 outsize=1404 kw= pd= ok=1
Cmd: compileSnippet
  api=4 type=1 insize=1329 outsize=1168 kw= pd= ok=1
Cmd: compileSnippet
  api=4 type=0 insize=1333 outsize=1404 kw= pd= ok=1
Cmd: compileSnippet
  api=4 type=1 insize=1333 outsize=1168 kw= pd= ok=1
Cmd: compileSnippet
  api=4 type=0 insize=1321 outsize=1404 kw= pd= ok=1
Cmd: compileSnippet
  api=4 type=1 insize=1321 outsize=1168 kw= pd= ok=1
Cmd: compileSnippet
  api=4 type=0 insize=1331 outsize=1404 kw= pd= ok=1
Cmd: compileSnippet
  api=4 type=1 insize=1331 outsize=1168 kw= pd= ok=1
Cmd: compileSnippet
  api=4 type=0 insize=4631 outsize=4093 kw= pd= ok=1
Cmd: compileSnippet
  api=4 type=1 insize=4631 outsize=1063 kw= pd= ok=1
Cmd: compileSnippet
  api=4 type=0 insize=751 outsize=3776 kw=SHADOWS_DEPTH _ALPHAPREMULTIPLY_ON pd= ok=1
Cmd: compileSnippet
  api=4 type=1 insize=751 outsize=1233 kw=SHADOWS_DEPTH _ALPHAPREMULTIPLY_ON pd= ok=1
Cmd: compileSnippet
  api=4 type=0 insize=982 outsize=3979 kw=DIRECTIONAL SHADOWS_OFF LIGHTMAP_OFF DIRLIGHTMAP_OFF DYNAMICLIGHTMAP_OFF _EMISSION _ALPHAPREMULTIPLY_ON pd= ok=1
Cmd: compileSnippet
  api=4 type=1 insize=982 outsize=10861 kw=DIRECTIONAL SHADOWS_OFF LIGHTMAP_OFF DIRLIGHTMAP_OFF DYNAMICLIGHTMAP_OFF _EMISSION _ALPHAPREMULTIPLY_ON pd= ok=1
Cmd: compileSnippet
  api=4 type=0 insize=938 outsize=4101 kw=DIRECTIONAL SHADOWS_OFF _ALPHAPREMULTIPLY_ON pd= ok=1
Cmd: compileSnippet
  api=4 type=1 insize=938 outsize=5669 kw=DIRECTIONAL SHADOWS_OFF _ALPHAPREMULTIPLY_ON pd= ok=1
Cmd: compileSnippet
  api=4 type=0 insize=990 outsize=1087 kw= pd= ok=1
Cmd: compileSnippet
  api=4 type=1 insize=990 outsize=713 kw= pd= ok=1
Cmd: compileSnippet
  api=4 type=0 insize=1705 outsize=1290 kw=SOFTPARTICLES_OFF pd= ok=1
Cmd: compileSnippet
  api=4 type=1 insize=1705 outsize=924 kw=SOFTPARTICLES_OFF pd= ok=1
Cmd: compileSnippet
  api=4 type=0 insize=7575 outsize=4784 kw=DIRECTIONAL LIGHTMAP_OFF DIRLIGHTMAP_OFF DYNAMICLIGHTMAP_OFF pd= ok=1
Cmd: compileSnippet
  api=4 type=1 insize=7575 outsize=3500 kw=DIRECTIONAL LIGHTMAP_OFF DIRLIGHTMAP_OFF DYNAMICLIGHTMAP_OFF pd= ok=1
Cmd: compileSnippet
  api=4 type=0 insize=4971 outsize=4020 kw=DIRECTIONAL pd= ok=1
Cmd: compileSnippet
  api=4 type=1 insize=4971 outsize=2931 kw=DIRECTIONAL pd= ok=1
Cmd: compileSnippet
  api=4 type=0 insize=1162 outsize=973 kw= pd= ok=1
Cmd: compileSnippet
  api=4 type=1 insize=1162 outsize=518 kw= pd= ok=1
Cmd: compileSnippet
  api=4 type=0 insize=751 outsize=3533 kw=SHADOWS_DEPTH pd= ok=1
Cmd: compileSnippet
  api=4 type=1 insize=751 outsize=380 kw=SHADOWS_DEPTH pd= ok=1
Cmd: compileSnippet
  api=4 type=0 insize=977 outsize=4703 kw=DIRECTIONAL SHADOWS_OFF LIGHTMAP_OFF DIRLIGHTMAP_OFF DYNAMICLIGHTMAP_OFF _NORMALMAP pd= ok=1
Cmd: compileSnippet
  api=4 type=1 insize=977 outsize=11292 kw=DIRECTIONAL SHADOWS_OFF LIGHTMAP_OFF DIRLIGHTMAP_OFF DYNAMICLIGHTMAP_OFF _NORMALMAP pd= ok=1
Cmd: compileSnippet
  api=4 type=0 insize=934 outsize=4101 kw=DIRECTIONAL SHADOWS_OFF _NORMALMAP pd= ok=1
Cmd: compileSnippet
  api=4 type=1 insize=934 outsize=6141 kw=DIRECTIONAL SHADOWS_OFF _NORMALMAP pd= ok=1
Cmd: compileSnippet
  api=4 type=0 insize=4597 outsize=4093 kw= pd= ok=1
Cmd: compileSnippet
  api=4 type=1 insize=4597 outsize=981 kw= pd= ok=1
Cmd: compileSnippet
  api=4 type=0 insize=1642 outsize=1290 kw=SOFTPARTICLES_OFF pd= ok=1
Cmd: compileSnippet
  api=4 type=1 insize=1642 outsize=924 kw=SOFTPARTICLES_OFF pd= ok=1
Cmd: compileSnippet
  api=4 type=0 insize=977 outsize=3979 kw=DIRECTIONAL SHADOWS_OFF LIGHTMAP_OFF DIRLIGHTMAP_OFF DYNAMICLIGHTMAP_OFF pd= ok=1
Cmd: compileSnippet
  api=4 type=1 insize=977 outsize=10504 kw=DIRECTIONAL SHADOWS_OFF LIGHTMAP_OFF DIRLIGHTMAP_OFF DYNAMICLIGHTMAP_OFF pd= ok=1
Cmd: compileSnippet
  api=4 type=0 insize=934 outsize=4101 kw=DIRECTIONAL SHADOWS_OFF pd= ok=1
Cmd: compileSnippet
  api=4 type=1 insize=934 outsize=5401 kw=DIRECTIONAL SHADOWS_OFF pd= ok=1
Cmd: compileSnippet
  api=4 type=0 insize=1856 outsize=1379 kw= pd= ok=1
Cmd: compileSnippet
  api=4 type=1 insize=1856 outsize=1233 kw= pd= ok=1
Cmd: compileSnippet
  api=4 type=0 insize=4587 outsize=4093 kw= pd= ok=1
Cmd: compileSnippet
  api=4 type=1 insize=4587 outsize=998 kw= pd= ok=1
Cmd: compileSnippet
  api=4 type=0 insize=7321 outsize=4938 kw=DIRECTIONAL LIGHTMAP_OFF DIRLIGHTMAP_OFF DYNAMICLIGHTMAP_OFF pd= ok=1
Cmd: compileSnippet
  api=4 type=1 insize=7321 outsize=2054 kw=DIRECTIONAL LIGHTMAP_OFF DIRLIGHTMAP_OFF DYNAMICLIGHTMAP_OFF pd= ok=1
Cmd: compileSnippet
  api=4 type=0 insize=4759 outsize=4020 kw=DIRECTIONAL pd= ok=1
Cmd: compileSnippet
  api=4 type=1 insize=4759 outsize=1956 kw=DIRECTIONAL pd= ok=1
Cmd: compileSnippet
  api=4 type=0 insize=4019 outsize=2598 kw= pd= ok=1
Cmd: compileSnippet
  api=4 type=1 insize=4019 outsize=884 kw= pd= ok=1
Cmd: compileSnippet
  api=4 type=0 insize=1171 outsize=933 kw= pd= ok=1
Cmd: compileSnippet
  api=4 type=1 insize=1171 outsize=518 kw= pd= ok=1
Cmd: preprocess
  insize=683 outsize=683 ok=1
Cmd: preprocess
  insize=838 outsize=838 ok=1
Cmd: preprocess
  insize=1416 outsize=453 ok=1
Cmd: preprocess
  insize=2146 outsize=793 ok=1
Cmd: preprocess
  insize=763 outsize=763 ok=1
Cmd: preprocess
  insize=1147 outsize=278 ok=1
Cmd: preprocess
  insize=870 outsize=273 ok=1
Cmd: preprocess
  insize=2445 outsize=2445 ok=1
Cmd: preprocess
  insize=1056 outsize=459 ok=1
Cmd: preprocess
  insize=22647 outsize=4354 ok=1
Cmd: compileSnippet
  api=4 type=0 insize=6924 outsize=3427 kw=DIRECTIONAL SHADOWS_SCREEN LIGHTMAP_ON DIRLIGHTMAP_OFF DYNAMICLIGHTMAP_OFF pd= ok=1
Cmd: compileSnippet
  api=4 type=1 insize=6924 outsize=1883 kw=DIRECTIONAL SHADOWS_SCREEN LIGHTMAP_ON DIRLIGHTMAP_OFF DYNAMICLIGHTMAP_OFF pd= ok=1
Cmd: compileSnippet
  api=4 type=0 insize=8071 outsize=5336 kw=DIRECTIONAL SHADOWS_SCREEN LIGHTMAP_OFF DIRLIGHTMAP_OFF DYNAMICLIGHTMAP_OFF pd= ok=1
Cmd: compileSnippet
  api=4 type=1 insize=8071 outsize=4061 kw=DIRECTIONAL SHADOWS_SCREEN LIGHTMAP_OFF DIRLIGHTMAP_OFF DYNAMICLIGHTMAP_OFF pd= ok=1
Cmd: compileSnippet
  api=4 type=0 insize=6924 outsize=4053 kw=DIRECTIONAL SHADOWS_SCREEN LIGHTMAP_OFF DIRLIGHTMAP_OFF DYNAMICLIGHTMAP_OFF pd= ok=1
Cmd: compileSnippet
  api=4 type=1 insize=6924 outsize=1631 kw=DIRECTIONAL SHADOWS_SCREEN LIGHTMAP_OFF DIRLIGHTMAP_OFF DYNAMICLIGHTMAP_OFF pd= ok=1
Cmd: compileSnippet
  api=4 type=0 insize=1482 outsize=2038 kw=SOFTPARTICLES_ON pd= ok=1
Cmd: compileSnippet
  api=4 type=1 insize=1482 outsize=1550 kw=SOFTPARTICLES_ON pd= ok=1
Cmd: compileSnippet
  api=4 type=0 insize=8071 outsize=4516 kw=DIRECTIONAL SHADOWS_OFF LIGHTMAP_ON DIRLIGHTMAP_OFF DYNAMICLIGHTMAP_OFF pd= ok=1
Cmd: compileSnippet
  api=4 type=1 insize=8071 outsize=1696 kw=DIRECTIONAL SHADOWS_OFF LIGHTMAP_ON DIRLIGHTMAP_OFF DYNAMICLIGHTMAP_OFF pd= ok=1
Cmd: compileSnippet
  api=4 type=0 insize=6924 outsize=3037 kw=DIRECTIONAL SHADOWS_OFF LIGHTMAP_ON DIRLIGHTMAP_OFF DYNAMICLIGHTMAP_OFF pd= ok=1
Cmd: compileSnippet
  api=4 type=1 insize=6924 outsize=1396 kw=DIRECTIONAL SHADOWS_OFF LIGHTMAP_ON DIRLIGHTMAP_OFF DYNAMICLIGHTMAP_OFF pd= ok=1
